<?xml version="1.0" encoding="UTF-8"?>
<!-- Generated by org.testng.reporters.JUnitReportReporter -->
<testsuite hostname="DESKTOP-V5MLE2I" failures="0" tests="1" name="testcases.LoginTest" time="1.845" errors="0" timestamp="2021-09-12T09:45:06 IST" skipped="0">
  <testcase classname="testcases.LoginTest" name="login" time="1.845"/>
  <system-out/>
</testsuite> <!-- testcases.LoginTest -->
