<?xml version="1.0" encoding="UTF-8"?>
<!-- Generated by org.testng.reporters.JUnitReportReporter -->
<testsuite skipped="0" hostname="DESKTOP-V5MLE2I" name="testcases.DashBoardTest" tests="1" failures="0" timestamp="2021-09-08T08:54:01 IST" time="4.212" errors="0">
  <testcase name="searchShares" time="4.212" classname="testcases.DashBoardTest"/>
  <system-out/>
</testsuite> <!-- testcases.DashBoardTest -->
