<?xml version="1.0" encoding="UTF-8"?>
<!-- Generated by org.testng.reporters.JUnitReportReporter -->
<testsuite skipped="0" hostname="DESKTOP-V5MLE2I" name="testcases.LoginTest" tests="1" failures="0" timestamp="2021-09-08T08:54:01 IST" time="1.322" errors="0">
  <testcase name="login" time="1.322" classname="testcases.LoginTest"/>
  <system-out/>
</testsuite> <!-- testcases.LoginTest -->
